<?xml version="1.0" encoding="UTF-8"?>
<robot generator="Robot 7.2.2 (Python 3.13.3 on win32)" generated="2025-07-27T01:21:16.644904" rpa="false" schemaversion="5">
<suite id="s1" name="Fakestore Api Tests" source="C:\Users\Ndeye Mbaye\Desktop\QA Test\TestExamWeb\testcases\fakestore_api_tests.robot">
<kw name="Create Session To FakeStore" owner="fakestore_keywords" type="SETUP">
<kw name="Create Session" owner="RequestsLibrary">
<msg time="2025-07-27T01:21:17.381388" level="INFO">Creating Session using : alias=fakestore, url=https://fakestoreapi.com, headers={'Content-Type': 'application/json'},                     cookies={}, auth=None, timeout=None, proxies=None, verify=False,                     debug=0 </msg>
<arg>fakestore</arg>
<arg>${BASE_URL}</arg>
<arg>headers=${HEADERS}</arg>
<doc>Create Session: create a HTTP session to a server</doc>
<status status="PASS" start="2025-07-27T01:21:17.380991" elapsed="0.000652"/>
</kw>
<status status="PASS" start="2025-07-27T01:21:17.380254" elapsed="0.001510"/>
</kw>
<test id="s1-t1" name="Get List Of All Products" line="6">
<kw name="Get All Products" owner="fakestore_keywords">
<kw name="GET On Session" owner="RequestsLibrary">
<msg time="2025-07-27T01:21:17.985625" level="INFO">GET Request : url=https://fakestoreapi.com/products 
 path_url=/products 
 headers={'User-Agent': 'python-requests/2.32.3', 'Accept-Encoding': 'gzip, deflate', 'Accept': '*/*', 'Connection': 'keep-alive', 'Content-Type': 'application/json'} 
 body=None 
 </msg>
<msg time="2025-07-27T01:21:17.985973" level="INFO">GET Response : url=https://fakestoreapi.com/products 
 status=200, reason=OK 
 headers={'Date': 'Sun, 27 Jul 2025 01:21:59 GMT', 'Content-Type': 'application/json; charset=utf-8', 'Transfer-Encoding': 'chunked', 'Connection': 'keep-alive', 'Access-Control-Allow-Origin': '*', 'Etag': 'W/"297c-h+n6NsR3M51S6528jZo3BluzvtU"', 'X-Powered-By': 'Express', 'Cf-Cache-Status': 'DYNAMIC', 'Nel': '{"report_to":"cf-nel","success_fraction":0.0,"max_age":604800}', 'Report-To': '{"group":"cf-nel","max_age":604800,"endpoints":[{"url":"https://a.nel.cloudflare.com/report/v4?s=NuucgE3b2CJVbReTkB5L6b7mY6egabR7jdt%2BwnCsnij4XCrm%2FVsrI2LNl43Exs6yXyxciiWiFlGqkoLyRAlDF8WjVAiA0%2BlHilv2VOL7%2Blw%3D"}]}', 'Content-Encoding': 'gzip', 'Server': 'cloudflare', 'CF-RAY': '965852bc9a398b37-MAD', 'alt-svc': 'h3=":443"; ma=86400'} 
 body=[{"id":1,"title":"Fjallraven - Foldsack No. 1 Backpack, Fits 15 Laptops","price":109.95,"description":"Your perfect pack for everyday use and walks in the forest. Stash your laptop (up to 15 inches) in the padded sleeve, your everyday","category":"men's clothing","image":"https://fakestoreapi.com/img/81fPKd-2AYL._AC_SL1500_.jpg","rating":{"rate":3.9,"count":120}},{"id":2,"title":"Mens Casual Premium Slim Fit T-Shirts ","price":22.3,"description":"Slim-fitting style, contrast raglan long sleeve, three-button henley placket, light weight &amp; soft fabric for breathable and comfortable wearing. And Solid stitched shirts with round neck made for durability and a great fit for casual fashion wear and diehard baseball fans. The Henley style round neckline includes a three-button placket.","category":"men's clothing","image":"https://fakestoreapi.com/img/71-3HjGNDUL._AC_SY879._SX._UX._SY._UY_.jpg","rating":{"rate":4.1,"count":259}},{"id":3,"title":"Mens Cotton Jacket","price":55.99,"description":"great outerwear jackets for Spring/Autumn/Winter, suitable for many occasions, such as working, hiking, camping, mountain/rock climbing, cycling, traveling or other outdoors. Good gift choice for you or your family member. A warm hearted love to Father, husband or son in this thanksgiving or Christmas Day.","category":"men's clothing","image":"https://fakestoreapi.com/img/71li-ujtlUL._AC_UX679_.jpg","rating":{"rate":4.7,"count":500}},{"id":4,"title":"Mens Casual Slim Fit","price":15.99,"description":"The color could be slightly different between on the screen and in practice. / Please note that body builds vary by person, therefore, detailed size information should be reviewed below on the product description.","category":"men's clothing","image":"https://fakestoreapi.com/img/71YXzeOuslL._AC_UY879_.jpg","rating":{"rate":2.1,"count":430}},{"id":5,"title":"John Hardy Women's Legends Naga Gold &amp; Silver Dragon Station Chain Bracelet","price":695,"description":"From our Legends Collection, the Naga was inspired by the mythical water dragon that protects the ocean's pearl. Wear facing inward to be bestowed with love and abundance, or outward for protection.","category":"jewelery","image":"https://fakestoreapi.com/img/71pWzhdJNwL._AC_UL640_QL65_ML3_.jpg","rating":{"rate":4.6,"count":400}},{"id":6,"title":"Solid Gold Petite Micropave ","price":168,"description":"Satisfaction Guaranteed. Return or exchange any order within 30 days.Designed and sold by Hafeez Center in the United States. Satisfaction Guaranteed. Return or exchange any order within 30 days.","category":"jewelery","image":"https://fakestoreapi.com/img/61sbMiUnoGL._AC_UL640_QL65_ML3_.jpg","rating":{"rate":3.9,"count":70}},{"id":7,"title":"White Gold Plated Princess","price":9.99,"description":"Classic Created Wedding Engagement Solitaire Diamond Promise Ring for Her. Gifts to spoil your love more for Engagement, Wedding, Anniversary, Valentine's Day...","category":"jewelery","image":"https://fakestoreapi.com/img/71YAIFU48IL._AC_UL640_QL65_ML3_.jpg","rating":{"rate":3,"count":400}},{"id":8,"title":"Pierced Owl Rose Gold Plated Stainless Steel Double","price":10.99,"description":"Rose Gold Plated Double Flared Tunnel Plug Earrings. Made of 316L Stainless Steel","category":"jewelery","image":"https://fakestoreapi.com/img/51UDEzMJVpL._AC_UL640_QL65_ML3_.jpg","rating":{"rate":1.9,"count":100}},{"id":9,"title":"WD 2TB Elements Portable External Hard Drive - USB 3.0 ","price":64,"description":"USB 3.0 and USB 2.0 Compatibility Fast data transfers Improve PC Performance High Capacity; Compatibility Formatted NTFS for Windows 10, Windows 8.1, Windows 7; Reformatting may be required for other operating systems; Compatibility may vary depending on user’s hardware configuration and operating system","category":"electronics","image":"https://fakestoreapi.com/img/61IBBVJvSDL._AC_SY879_.jpg","rating":{"rate":3.3,"count":203}},{"id":10,"title":"SanDisk SSD PLUS 1TB Internal SSD - SATA III 6 Gb/s","price":109,"description":"Easy upgrade for faster boot up, shutdown, application load and response (As compared to 5400 RPM SATA 2.5” hard drive; Based on published specifications and internal benchmarking tests using PCMark vantage scores) Boosts burst write performance, making it ideal for typical PC workloads The perfect balance of performance and reliability Read/write speeds of up to 535MB/s/450MB/s (Based on internal testing; Performance may vary depending upon drive capacity, host device, OS and application.)","category":"electronics","image":"https://fakestoreapi.com/img/61U7T1koQqL._AC_SX679_.jpg","rating":{"rate":2.9,"count":470}},{"id":11,"title":"Silicon Power 256GB SSD 3D NAND A55 SLC Cache Performance Boost SATA III 2.5","price":109,"description":"3D NAND flash are applied to deliver high transfer speeds Remarkable transfer speeds that enable faster bootup and improved overall system performance. The advanced SLC Cache Technology allows performance boost and longer lifespan 7mm slim design suitable for Ultrabooks and Ultra-slim notebooks. Supports TRIM command, Garbage Collection technology, RAID, and ECC (Error Checking &amp; Correction) to provide the optimized performance and enhanced reliability.","category":"electronics","image":"https://fakestoreapi.com/img/71kWymZ+c+L._AC_SX679_.jpg","rating":{"rate":4.8,"count":319}},{"id":12,"title":"WD 4TB Gaming Drive Works with Playstation 4 Portable External Hard Drive","price":114,"description":"Expand your PS4 gaming experience, Play anywhere Fast and easy, setup Sleek design with high capacity, 3-year manufacturer's limited warranty","category":"electronics","image":"https://fakestoreapi.com/img/61mtL65D4cL._AC_SX679_.jpg","rating":{"rate":4.8,"count":400}},{"id":13,"title":"Acer SB220Q bi 21.5 inches Full HD (1920 x 1080) IPS Ultra-Thin","price":599,"description":"21. 5 inches Full HD (1920 x 1080) widescreen IPS display And Radeon free Sync technology. No compatibility for VESA Mount Refresh Rate: 75Hz - Using HDMI port Zero-frame design | ultra-thin | 4ms response time | IPS panel Aspect ratio - 16: 9. Color Supported - 16. 7 million colors. Brightness - 250 nit Tilt angle -5 degree to 15 degree. Horizontal viewing angle-178 degree. Vertical viewing angle-178 degree 75 hertz","category":"electronics","image":"https://fakestoreapi.com/img/81QpkIctqPL._AC_SX679_.jpg","rating":{"rate":2.9,"count":250}},{"id":14,"title":"Samsung 49-Inch CHG90 144Hz Curved Gaming Monitor (LC49HG90DMNXZA) – Super Ultrawide Screen QLED ","price":999.99,"description":"49 INCH SUPER ULTRAWIDE 32:9 CURVED GAMING MONITOR with dual 27 inch screen side by side QUANTUM DOT (QLED) TECHNOLOGY, HDR support and factory calibration provides stunningly realistic and accurate color and contrast 144HZ HIGH REFRESH RATE and 1ms ultra fast response time work to eliminate motion blur, ghosting, and reduce input lag","category":"electronics","image":"https://fakestoreapi.com/img/81Zt42ioCgL._AC_SX679_.jpg","rating":{"rate":2.2,"count":140}},{"id":15,"title":"BIYLACLESEN Women's 3-in-1 Snowboard Jacket Winter Coats","price":56.99,"description":"Note:The Jackets is US standard size, Please choose size as your usual wear Material: 100% Polyester; Detachable Liner Fabric: Warm Fleece. Detachable Functional Liner: Skin Friendly, Lightweigt and Warm.Stand Collar Liner jacket, keep you warm in cold weather. Zippered Pockets: 2 Zippered Hand Pockets, 2 Zippered Pockets on Chest (enough to keep cards or keys)and 1 Hidden Pocket Inside.Zippered Hand Pockets and Hidden Pocket keep your things secure. Humanized Design: Adjustable and Detachable Hood and Adjustable cuff to prevent the wind and water,for a comfortable fit. 3 in 1 Detachable Design provide more convenience, you can separate the coat and inner as needed, or wear it together. It is suitable for different season and help you adapt to different climates","category":"women's clothing","image":"https://fakestoreapi.com/img/51Y5NI-I5jL._AC_UX679_.jpg","rating":{"rate":2.6,"count":235}},{"id":16,"title":"Lock and Love Women's Removable Hooded Faux Leather Moto Biker Jacket","price":29.95,"description":"100% POLYURETHANE(shell) 100% POLYESTER(lining) 75% POLYESTER 25% COTTON (SWEATER), Faux leather material for style and comfort / 2 pockets of front, 2-For-One Hooded denim style faux leather jacket, Button detail on waist / Detail stitching at sides, HAND WASH ONLY / DO NOT BLEACH / LINE DRY / DO NOT IRON","category":"women's clothing","image":"https://fakestoreapi.com/img/81XH0e8fefL._AC_UY879_.jpg","rating":{"rate":2.9,"count":340}},{"id":17,"title":"Rain Jacket Women Windbreaker Striped Climbing Raincoats","price":39.99,"description":"Lightweight perfet for trip or casual wear---Long sleeve with hooded, adjustable drawstring waist design. Button and zipper front closure raincoat, fully stripes Lined and The Raincoat has 2 side pockets are a good size to hold all kinds of things, it covers the hips, and the hood is generous but doesn't overdo it.Attached Cotton Lined Hood with Adjustable Drawstrings give it a real styled look.","category":"women's clothing","image":"https://fakestoreapi.com/img/71HblAHs5xL._AC_UY879_-2.jpg","rating":{"rate":3.8,"count":679}},{"id":18,"title":"MBJ Women's Solid Short Sleeve Boat Neck V ","price":9.85,"description":"95% RAYON 5% SPANDEX, Made in USA or Imported, Do Not Bleach, Lightweight fabric with great stretch for comfort, Ribbed on sleeves and neckline / Double stitching on bottom hem","category":"women's clothing","image":"https://fakestoreapi.com/img/71z3kpMAYsL._AC_UY879_.jpg","rating":{"rate":4.7,"count":130}},{"id":19,"title":"Opna Women's Short Sleeve Moisture","price":7.95,"description":"100% Polyester, Machine wash, 100% cationic polyester interlock, Machine Wash &amp; Pre Shrunk for a Great Fit, Lightweight, roomy and highly breathable with moisture wicking fabric which helps to keep moisture away, Soft Lightweight Fabric with comfortable V-neck collar and a slimmer fit, delivers a sleek, ... (set the log level to DEBUG or TRACE to see the full content) 
 </msg>
<msg time="2025-07-27T01:21:17.986783" level="INFO">C:\Users\Ndeye Mbaye\AppData\Local\Programs\Python\Python313\Lib\site-packages\urllib3\connectionpool.py:1097: InsecureRequestWarning: Unverified HTTPS request is being made to host 'fakestoreapi.com'. Adding certificate verification is strongly advised. See: https://urllib3.readthedocs.io/en/latest/advanced-usage.html#tls-warnings
  warnings.warn(</msg>
<msg time="2025-07-27T01:21:17.987324" level="INFO">${response} = &lt;Response [200]&gt;</msg>
<var>${response}</var>
<arg>fakestore</arg>
<arg>/products</arg>
<doc>Sends a GET request on a previously created HTTP Session.</doc>
<status status="PASS" start="2025-07-27T01:21:17.382786" elapsed="0.604598"/>
</kw>
<kw name="Should Be Equal As Integers" owner="BuiltIn">
<msg time="2025-07-27T01:21:17.988543" level="INFO">Argument types are:
&lt;class 'int'&gt;
&lt;class 'str'&gt;</msg>
<arg>${response.status_code}</arg>
<arg>200</arg>
<doc>Fails if objects are unequal after converting them to integers.</doc>
<status status="PASS" start="2025-07-27T01:21:17.987735" elapsed="0.000910"/>
</kw>
<kw name="Convert To String" owner="BuiltIn">
<msg time="2025-07-27T01:21:17.989576" level="INFO">${body} = [{"id":1,"title":"Fjallraven - Foldsack No. 1 Backpack, Fits 15 Laptops","price":109.95,"description":"Your perfect pack for everyday use and walks in the forest. Stash your laptop (up to 15 inches) i...</msg>
<var>${body}</var>
<arg>${response.content}</arg>
<doc>Converts the given item to a Unicode string.</doc>
<status status="PASS" start="2025-07-27T01:21:17.988865" elapsed="0.000747"/>
</kw>
<kw name="Evaluate" owner="BuiltIn">
<msg time="2025-07-27T01:21:17.990758" level="INFO">${json} = [{'id': 1, 'title': 'Fjallraven - Foldsack No. 1 Backpack, Fits 15 Laptops', 'price': 109.95, 'description': 'Your perfect pack for everyday use and walks in the forest. Stash your laptop (up to 15 in...</msg>
<var>${json}</var>
<arg>json.loads('''${body}''')</arg>
<arg>modules=json</arg>
<doc>Evaluates the given expression in Python and returns the result.</doc>
<status status="PASS" start="2025-07-27T01:21:17.989821" elapsed="0.000973"/>
</kw>
<return>
<value>${json}</value>
<status status="PASS" start="2025-07-27T01:21:17.990883" elapsed="0.000090"/>
</return>
<msg time="2025-07-27T01:21:17.991386" level="INFO">${products} = [{'id': 1, 'title': 'Fjallraven - Foldsack No. 1 Backpack, Fits 15 Laptops', 'price': 109.95, 'description': 'Your perfect pack for everyday use and walks in the forest. Stash your laptop (up to 15 in...</msg>
<var>${products}</var>
<status status="PASS" start="2025-07-27T01:21:17.382503" elapsed="0.608920"/>
</kw>
<kw name="Should Be True" owner="BuiltIn">
<arg>len(${products}) &gt; 0</arg>
<doc>Fails if the given condition is not true.</doc>
<status status="PASS" start="2025-07-27T01:21:17.991867" elapsed="0.001539"/>
</kw>
<status status="PASS" start="2025-07-27T01:21:17.381847" elapsed="0.611990"/>
</test>
<test id="s1-t2" name="Create A New User" line="10">
<kw name="Create New User" owner="fakestore_keywords">
<kw name="Generate Random String" owner="String">
<msg time="2025-07-27T01:21:17.997178" level="INFO">${rand} = 3Fa1N</msg>
<var>${rand}</var>
<arg>5</arg>
<doc>Generates a string with a desired ``length`` from the given ``chars``.</doc>
<status status="PASS" start="2025-07-27T01:21:17.996807" elapsed="0.000421"/>
</kw>
<kw name="Create Dictionary" owner="BuiltIn">
<msg time="2025-07-27T01:21:17.997924" level="INFO">${user_data} = {'email': 'user3Fa1N@example.com', 'username': 'user3Fa1N', 'password': 'pass3Fa1N'}</msg>
<var>${user_data}</var>
<arg>email=user${rand}@example.com</arg>
<arg>username=user${rand}</arg>
<arg>password=pass${rand}</arg>
<doc>Creates and returns a dictionary based on the given ``items``.</doc>
<status status="PASS" start="2025-07-27T01:21:17.997407" elapsed="0.000573"/>
</kw>
<kw name="POST On Session" owner="RequestsLibrary">
<msg time="2025-07-27T01:21:18.225835" level="INFO">POST Request : url=https://fakestoreapi.com/users 
 path_url=/users 
 headers={'User-Agent': 'python-requests/2.32.3', 'Accept-Encoding': 'gzip, deflate', 'Accept': '*/*', 'Connection': 'keep-alive', 'Content-Type': 'application/json', 'Content-Length': '84'} 
 body=b'{"email": "user3Fa1N@example.com", "username": "user3Fa1N", "password": "pass3Fa1N"}' 
 </msg>
<msg time="2025-07-27T01:21:18.225978" level="INFO">POST Response : url=https://fakestoreapi.com/users 
 status=200, reason=OK 
 headers={'Date': 'Sun, 27 Jul 2025 01:22:00 GMT', 'Content-Type': 'application/json; charset=utf-8', 'Transfer-Encoding': 'chunked', 'Connection': 'keep-alive', 'Access-Control-Allow-Origin': '*', 'Etag': 'W/"9-hVv0cNJophUD7CGn+ZqXp8tVGo0"', 'X-Powered-By': 'Express', 'Cf-Cache-Status': 'DYNAMIC', 'Nel': '{"report_to":"cf-nel","success_fraction":0.0,"max_age":604800}', 'Report-To': '{"group":"cf-nel","max_age":604800,"endpoints":[{"url":"https://a.nel.cloudflare.com/report/v4?s=pRfJiQKBXSo5lsIKp1ZBg3j%2BTPCsDwz6gKbGHDK6OSEJUEukZ3sIzaQujM69Mg6Y6Q3%2BADOKKJmgzsZp93lYWdnQLjHBjarZTncEtE1aep0%3D"}]}', 'Content-Encoding': 'gzip', 'Server': 'cloudflare', 'CF-RAY': '965852be4aa48b37-MAD', 'alt-svc': 'h3=":443"; ma=86400'} 
 body={"id":11} 
 </msg>
<msg time="2025-07-27T01:21:18.226066" level="INFO">C:\Users\Ndeye Mbaye\AppData\Local\Programs\Python\Python313\Lib\site-packages\urllib3\connectionpool.py:1097: InsecureRequestWarning: Unverified HTTPS request is being made to host 'fakestoreapi.com'. Adding certificate verification is strongly advised. See: https://urllib3.readthedocs.io/en/latest/advanced-usage.html#tls-warnings
  warnings.warn(</msg>
<msg time="2025-07-27T01:21:18.226656" level="INFO">${response} = &lt;Response [200]&gt;</msg>
<var>${response}</var>
<arg>fakestore</arg>
<arg>/users</arg>
<arg>json=${user_data}</arg>
<doc>Sends a POST request on a previously created HTTP Session.</doc>
<status status="PASS" start="2025-07-27T01:21:17.998202" elapsed="0.228515"/>
</kw>
<kw name="Should Be Equal As Integers" owner="BuiltIn">
<msg time="2025-07-27T01:21:18.227723" level="INFO">Argument types are:
&lt;class 'int'&gt;
&lt;class 'str'&gt;</msg>
<arg>${response.status_code}</arg>
<arg>200</arg>
<doc>Fails if objects are unequal after converting them to integers.</doc>
<status status="PASS" start="2025-07-27T01:21:18.227020" elapsed="0.000800"/>
</kw>
<kw name="Convert To String" owner="BuiltIn">
<msg time="2025-07-27T01:21:18.228552" level="INFO">${body} = {"id":11}</msg>
<var>${body}</var>
<arg>${response.content}</arg>
<doc>Converts the given item to a Unicode string.</doc>
<status status="PASS" start="2025-07-27T01:21:18.228002" elapsed="0.000582"/>
</kw>
<kw name="Evaluate" owner="BuiltIn">
<msg time="2025-07-27T01:21:18.229046" level="INFO">${json} = {'id': 11}</msg>
<var>${json}</var>
<arg>json.loads('''${body}''')</arg>
<arg>modules=json</arg>
<doc>Evaluates the given expression in Python and returns the result.</doc>
<status status="PASS" start="2025-07-27T01:21:18.228724" elapsed="0.000353"/>
</kw>
<kw name="Log To Console" owner="BuiltIn">
<arg>Created User: ${json}</arg>
<doc>Logs the given message to the console.</doc>
<status status="PASS" start="2025-07-27T01:21:18.229189" elapsed="0.000449"/>
</kw>
<return>
<value>${json}</value>
<status status="PASS" start="2025-07-27T01:21:18.229774" elapsed="0.000103"/>
</return>
<msg time="2025-07-27T01:21:18.230163" level="INFO">${new_user} = {'id': 11}</msg>
<var>${new_user}</var>
<status status="PASS" start="2025-07-27T01:21:17.996224" elapsed="0.233988"/>
</kw>
<kw name="Should Contain" owner="BuiltIn">
<arg>${new_user}</arg>
<arg>id</arg>
<doc>Fails if ``container`` does not contain ``item`` one or more times.</doc>
<status status="PASS" start="2025-07-27T01:21:18.230624" elapsed="0.000223"/>
</kw>
<status status="PASS" start="2025-07-27T01:21:17.994752" elapsed="0.236440"/>
</test>
<test id="s1-t3" name="Update A Cart" line="14">
<kw name="Update Cart" owner="fakestore_keywords">
<kw name="Create List" owner="BuiltIn">
<msg time="2025-07-27T01:21:18.233910" level="INFO">${products_list} = ['Create Dictionary', 'productId=1', 'quantity=3']</msg>
<var>${products_list}</var>
<arg>Create Dictionary</arg>
<arg>productId=1</arg>
<arg>quantity=3</arg>
<doc>Returns a list containing given items.</doc>
<status status="PASS" start="2025-07-27T01:21:18.233659" elapsed="0.000412"/>
</kw>
<kw name="Create Dictionary" owner="BuiltIn">
<msg time="2025-07-27T01:21:18.234609" level="INFO">${cart_data} = {'userId': '1', 'date': '2024-06-20', 'products': ['Create Dictionary', 'productId=1', 'quantity=3']}</msg>
<var>${cart_data}</var>
<arg>userId=1</arg>
<arg>date=2024-06-20</arg>
<arg>products=${products_list}</arg>
<doc>Creates and returns a dictionary based on the given ``items``.</doc>
<status status="PASS" start="2025-07-27T01:21:18.234265" elapsed="0.000378"/>
</kw>
<kw name="PUT On Session" owner="RequestsLibrary">
<msg time="2025-07-27T01:21:18.359276" level="INFO">PUT Request : url=https://fakestoreapi.com/carts/7 
 path_url=/carts/7 
 headers={'User-Agent': 'python-requests/2.32.3', 'Accept-Encoding': 'gzip, deflate', 'Accept': '*/*', 'Connection': 'keep-alive', 'Content-Type': 'application/json', 'Content-Length': '101'} 
 body=b'{"userId": "1", "date": "2024-06-20", "products": ["Create Dictionary", "productId=1", "quantity=3"]}' 
 </msg>
<msg time="2025-07-27T01:21:18.359475" level="INFO">PUT Response : url=https://fakestoreapi.com/carts/7 
 status=200, reason=OK 
 headers={'Date': 'Sun, 27 Jul 2025 01:22:00 GMT', 'Content-Type': 'application/json; charset=utf-8', 'Transfer-Encoding': 'chunked', 'Connection': 'keep-alive', 'Access-Control-Allow-Origin': '*', 'Etag': 'W/"65-0eYptDoXsLdW4sgkri/hQeq8sio"', 'X-Powered-By': 'Express', 'Cf-Cache-Status': 'DYNAMIC', 'Nel': '{"report_to":"cf-nel","success_fraction":0.0,"max_age":604800}', 'Report-To': '{"group":"cf-nel","max_age":604800,"endpoints":[{"url":"https://a.nel.cloudflare.com/report/v4?s=30AZPUtU0MaInLivq0xsTVFZ3EO3kcIOqbsxaKeiboXCV5nDSSxIZy%2Bd%2Ff08nQ6nEpLQxOkfpvUHAkyS6DbDe63iW3XXnTK1TBHlt%2FaqvCc%3D"}]}', 'Content-Encoding': 'gzip', 'Server': 'cloudflare', 'CF-RAY': '965852bfcaf18b37-MAD', 'alt-svc': 'h3=":443"; ma=86400'} 
 body={"id":7,"userId":"1","date":"2024-06-20","products":["Create Dictionary","productId=1","quantity=3"]} 
 </msg>
<msg time="2025-07-27T01:21:18.359616" level="INFO">C:\Users\Ndeye Mbaye\AppData\Local\Programs\Python\Python313\Lib\site-packages\urllib3\connectionpool.py:1097: InsecureRequestWarning: Unverified HTTPS request is being made to host 'fakestoreapi.com'. Adding certificate verification is strongly advised. See: https://urllib3.readthedocs.io/en/latest/advanced-usage.html#tls-warnings
  warnings.warn(</msg>
<msg time="2025-07-27T01:21:18.360510" level="INFO">${response} = &lt;Response [200]&gt;</msg>
<var>${response}</var>
<arg>fakestore</arg>
<arg>/carts/7</arg>
<arg>json=${cart_data}</arg>
<doc>Sends a PUT request on a previously created HTTP Session.</doc>
<status status="PASS" start="2025-07-27T01:21:18.234788" elapsed="0.125798"/>
</kw>
<kw name="Should Be Equal As Integers" owner="BuiltIn">
<msg time="2025-07-27T01:21:18.361621" level="INFO">Argument types are:
&lt;class 'int'&gt;
&lt;class 'str'&gt;</msg>
<arg>${response.status_code}</arg>
<arg>200</arg>
<doc>Fails if objects are unequal after converting them to integers.</doc>
<status status="PASS" start="2025-07-27T01:21:18.360904" elapsed="0.000798"/>
</kw>
<kw name="Convert To String" owner="BuiltIn">
<msg time="2025-07-27T01:21:18.362324" level="INFO">${body} = {"id":7,"userId":"1","date":"2024-06-20","products":["Create Dictionary","productId=1","quantity=3"]}</msg>
<var>${body}</var>
<arg>${response.content}</arg>
<doc>Converts the given item to a Unicode string.</doc>
<status status="PASS" start="2025-07-27T01:21:18.361829" elapsed="0.000526"/>
</kw>
<kw name="Evaluate" owner="BuiltIn">
<msg time="2025-07-27T01:21:18.362795" level="INFO">${json} = {'id': 7, 'userId': '1', 'date': '2024-06-20', 'products': ['Create Dictionary', 'productId=1', 'quantity=3']}</msg>
<var>${json}</var>
<arg>json.loads('''${body}''')</arg>
<arg>modules=json</arg>
<doc>Evaluates the given expression in Python and returns the result.</doc>
<status status="PASS" start="2025-07-27T01:21:18.362479" elapsed="0.000349"/>
</kw>
<kw name="Log To Console" owner="BuiltIn">
<arg>Updated Cart: ${json}</arg>
<doc>Logs the given message to the console.</doc>
<status status="PASS" start="2025-07-27T01:21:18.362941" elapsed="0.000427"/>
</kw>
<return>
<value>${json}</value>
<status status="PASS" start="2025-07-27T01:21:18.363470" elapsed="0.000070"/>
</return>
<msg time="2025-07-27T01:21:18.363742" level="INFO">${updated_cart} = {'id': 7, 'userId': '1', 'date': '2024-06-20', 'products': ['Create Dictionary', 'productId=1', 'quantity=3']}</msg>
<var>${updated_cart}</var>
<status status="PASS" start="2025-07-27T01:21:18.233147" elapsed="0.130627"/>
</kw>
<kw name="Should Contain" owner="BuiltIn">
<arg>${updated_cart}</arg>
<arg>id</arg>
<doc>Fails if ``container`` does not contain ``item`` one or more times.</doc>
<status status="PASS" start="2025-07-27T01:21:18.364133" elapsed="0.000230"/>
</kw>
<status status="PASS" start="2025-07-27T01:21:18.232152" elapsed="0.132564"/>
</test>
<status status="PASS" start="2025-07-27T01:21:16.648548" elapsed="1.717783"/>
</suite>
<statistics>
<total>
<stat pass="3" fail="0" skip="0">All Tests</stat>
</total>
<tag>
</tag>
<suite>
<stat name="Fakestore Api Tests" id="s1" pass="3" fail="0" skip="0">Fakestore Api Tests</stat>
</suite>
</statistics>
<errors>
</errors>
</robot>
