<?xml version="1.0" encoding="UTF-8"?>
<robot generator="Robot 7.2.2 (Python 3.13.3 on win32)" generated="2025-08-07T03:13:08.355918" rpa="false" schemaversion="5">
<suite id="s1" name="Looma Tests" source="C:\Users\MARIAMA\Desktop\Master1_GL\QA_Test\QATEST\LAB4\testcases\looma_tests.robot">
<test id="s1-t1" name="Test Authentification" line="8">
<kw name="Démarrer l'application" owner="looma_keywords">
<kw name="Open Application" owner="AppiumLibrary">
<arg>${REMOTE_URL}</arg>
<arg>platformName=${PLATFORM_NAME}</arg>
<arg>deviceName=${DEVICE_NAME}</arg>
<arg>automationName=${AUTOMATION_NAME}</arg>
<arg>appPackage=${APP_PACKAGE}</arg>
<arg>appActivity=${APP_ACTIVITY}</arg>
<arg>noReset=true</arg>
<doc>Opens a new application to given Appium server.
Capabilities of appium server, Android and iOS,
Please check https://appium.io/docs/en/2.1/cli/args/
| *Option*            | *Man.* | *Description*     |
| remote_url          | Yes    | Appium server url |
| alias               | no     | alias             |
| strict_ssl          | No     | allows you to send commands to an invalid certificate host like a self-signed one. |</doc>
<status status="PASS" start="2025-08-07T03:13:09.029146" elapsed="19.167379"/>
</kw>
<status status="PASS" start="2025-08-07T03:13:09.027384" elapsed="19.169415"/>
</kw>
<kw name="Se connecter" owner="looma_keywords">
<kw name="Click Element" owner="AppiumLibrary">
<msg time="2025-08-07T03:13:28.199833" level="INFO">Clicking element 'android=new UiSelector().className("android.widget.EditText").instance(0)'.</msg>
<arg>android=new UiSelector().className("android.widget.EditText").instance(0)</arg>
<doc>Click element identified by `locator`.</doc>
<status status="PASS" start="2025-08-07T03:13:28.198097" elapsed="1.173838"/>
</kw>
<kw name="Input Text" owner="AppiumLibrary">
<msg time="2025-08-07T03:13:29.374228" level="INFO">Typing text 'johnd' into text field 'android=new UiSelector().className("android.widget.EditText").instance(0)'</msg>
<arg>android=new UiSelector().className("android.widget.EditText").instance(0)</arg>
<arg>${USERNAME}</arg>
<doc>Types the given `text` into text field identified by `locator`.</doc>
<status status="PASS" start="2025-08-07T03:13:29.372164" elapsed="0.694224"/>
</kw>
<kw name="Click Element" owner="AppiumLibrary">
<msg time="2025-08-07T03:13:30.067913" level="INFO">Clicking element 'android=new UiSelector().className("android.widget.EditText").instance(1)'.</msg>
<arg>android=new UiSelector().className("android.widget.EditText").instance(1)</arg>
<doc>Click element identified by `locator`.</doc>
<status status="PASS" start="2025-08-07T03:13:30.066608" elapsed="0.830245"/>
</kw>
<kw name="Input Text" owner="AppiumLibrary">
<msg time="2025-08-07T03:13:30.898980" level="INFO">Typing text 'm38rmF$' into text field 'android=new UiSelector().className("android.widget.EditText").instance(1)'</msg>
<arg>android=new UiSelector().className("android.widget.EditText").instance(1)</arg>
<arg>${PASSWORD}</arg>
<doc>Types the given `text` into text field identified by `locator`.</doc>
<status status="PASS" start="2025-08-07T03:13:30.897127" elapsed="0.649755"/>
</kw>
<kw name="Sleep" owner="BuiltIn">
<msg time="2025-08-07T03:13:32.548490" level="INFO">Slept 1 second.</msg>
<arg>1s</arg>
<doc>Pauses the test executed for the given time.</doc>
<status status="PASS" start="2025-08-07T03:13:31.547149" elapsed="1.001503"/>
</kw>
<kw name="Click Element" owner="AppiumLibrary">
<msg time="2025-08-07T03:13:32.550381" level="INFO">Clicking element 'accessibility_id=Se connecter'.</msg>
<arg>accessibility_id=Se connecter</arg>
<doc>Click element identified by `locator`.</doc>
<status status="PASS" start="2025-08-07T03:13:32.548840" elapsed="1.114777"/>
</kw>
<status status="PASS" start="2025-08-07T03:13:28.197529" elapsed="5.466247"/>
</kw>
<kw name="Fermer l'application" owner="looma_keywords">
<kw name="Close Application" owner="AppiumLibrary">
<doc>Closes the current application and also close webdriver session.</doc>
<status status="PASS" start="2025-08-07T03:13:33.664628" elapsed="1.531360"/>
</kw>
<status status="PASS" start="2025-08-07T03:13:33.664196" elapsed="1.531959"/>
</kw>
<status status="PASS" start="2025-08-07T03:13:09.026003" elapsed="26.170998"/>
</test>
<status status="PASS" start="2025-08-07T03:13:08.359315" elapsed="26.840272"/>
</suite>
<statistics>
<total>
<stat pass="1" fail="0" skip="0">All Tests</stat>
</total>
<tag>
</tag>
<suite>
<stat name="Looma Tests" id="s1" pass="1" fail="0" skip="0">Looma Tests</stat>
</suite>
</statistics>
<errors>
</errors>
</robot>
